<?xml version="1.0" encoding="UTF-8"?>
<testsuite time="8.811" failures="0" tests="2" name="tests" >
  <testcase time="4.733" classname="tests" name="junit4.ta" />
  <testcase time="4.062" classname="tests" name="junit5.ta" >
    <error message="The resource SCOPE_BUILTIN:actual_file cannot be found. Please note that the resource name must not contains any space." type="org.squashtest.ta.backbone.exception.ResourceNotFoundException" >
Summary
SETUP :
// here we test the macro defined in shortcuts/sample_shortcut.macro. Note that none of the instructions here are case sensitive :
TEST :
[SUCCESS] # EXECUTE_JUNIT_TEST randomTest()  FROM  singe.banana.RandomTestJUnit5  IN  selenium-resources/src/test
	[SUCCESS] 	LOAD selenium-resources/src/test AS junit50.file
	[SUCCESS] 	CONVERT junit50.file TO script.java(compile) AS junit50.bundle
	[SUCCESS] 	CONVERT junit50.bundle TO script.junit5(structured) AS junit50.script
	[SUCCESS] 	EXECUTE execute WITH junit50.script AS junit51.result USING $(qualifiedClassName:singe.banana.RandomTestJUnit5,displayName:randomTest())
		[SUCCESS] 		$(qualifiedClassName:singe.banana.RandomTestJUnit5,displayName:randomTest()) --&gt; {{__tempI1}}
		[SUCCESS] 		EXECUTE execute WITH junit50.script AS junit51.result USING {{__tempI1}}
	[SUCCESS] 	ASSERT junit51.result IS success
[ERROR] # ASSERT_XML  {actual_file}  SIMILAIRE TO  {expected_file_path}  USING  {config}
	// (Copyright (C) 2014, DSI - AcadÃ©mie d&apos;OrlÃ©ans-Tours
	// Modified by Henix (C) 2016-2018
	[ERROR] 	LOAD {actual_file} AS __actual_2.file
org.squashtest.ta.backbone.exception.ResourceNotFoundException: The resource SCOPE_BUILTIN:actual_file cannot be found. Please note that the resource name must not contains any space.
	at org.squashtest.ta.backbone.engine.impl.ResourceLoaderImpl.loadResource(ResourceLoaderImpl.java:112)
	at org.squashtest.ta.backbone.engine.impl.ContextManagerImpl.getResource(ContextManagerImpl.java:350)
	at org.squashtest.ta.backbone.engine.impl.AbstractContextManagerDecorator.getResource(AbstractContextManagerDecorator.java:169)
	at org.squashtest.ta.backbone.engine.instructionrunner.DefaultLoadResourceRunner.getResource(DefaultLoadResourceRunner.java:100)
	at org.squashtest.ta.backbone.engine.instructionrunner.DefaultLoadResourceRunner.doRun(DefaultLoadResourceRunner.java:58)
	at org.squashtest.ta.backbone.engine.instructionrunner.AbstractDefaultInstructionRunner.run(AbstractDefaultInstructionRunner.java:70)
	at org.squashtest.ta.backbone.engine.impl.TestRunnerImpl.runInstruction(TestRunnerImpl.java:279)
	at org.squashtest.ta.backbone.engine.impl.TestRunnerImpl.runInstructionList(TestRunnerImpl.java:224)
	at org.squashtest.ta.backbone.engine.impl.TestRunnerImpl.runMetaInstruction(TestRunnerImpl.java:248)
	at org.squashtest.ta.backbone.engine.impl.TestRunnerImpl.runInstructionList(TestRunnerImpl.java:222)
	at org.squashtest.ta.backbone.engine.impl.TestRunnerImpl.runPhase(TestRunnerImpl.java:212)
	at org.squashtest.ta.backbone.engine.impl.TestRunnerImpl.runTest(TestRunnerImpl.java:152)
	at org.squashtest.ta.backbone.engine.impl.EcosystemRunnerImpl.runAllTests(EcosystemRunnerImpl.java:203)
	at org.squashtest.ta.backbone.engine.impl.EcosystemRunnerImpl.run(EcosystemRunnerImpl.java:105)
	at org.squashtest.ta.backbone.engine.impl.SuiteRunnerImpl.execute(SuiteRunnerImpl.java:69)
	at org.squashtest.ta.backbone.engine.impl.EngineImpl.execute(EngineImpl.java:69)
	at org.squashtest.ta.maven.SquashTAMojo.executeImpl(SquashTAMojo.java:339)
	at org.squashtest.ta.maven.AbstractSquashTaMojo.execution(AbstractSquashTaMojo.java:100)
	at org.squashtest.ta.maven.AbstractBaseSquashTaMojo.execute(AbstractBaseSquashTaMojo.java:86)
	at org.apache.maven.plugin.DefaultBuildPluginManager.executeMojo(DefaultBuildPluginManager.java:134)
	at org.apache.maven.lifecycle.internal.MojoExecutor.execute(MojoExecutor.java:208)
	at org.apache.maven.lifecycle.internal.MojoExecutor.execute(MojoExecutor.java:154)
	at org.apache.maven.lifecycle.internal.MojoExecutor.execute(MojoExecutor.java:146)
	at org.apache.maven.lifecycle.internal.LifecycleModuleBuilder.buildProject(LifecycleModuleBuilder.java:117)
	at org.apache.maven.lifecycle.internal.LifecycleModuleBuilder.buildProject(LifecycleModuleBuilder.java:81)
	at org.apache.maven.lifecycle.internal.builder.singlethreaded.SingleThreadedBuilder.build(SingleThreadedBuilder.java:51)
	at org.apache.maven.lifecycle.internal.LifecycleStarter.execute(LifecycleStarter.java:128)
	at org.apache.maven.DefaultMaven.doExecute(DefaultMaven.java:309)
	at org.apache.maven.DefaultMaven.doExecute(DefaultMaven.java:194)
	at org.apache.maven.DefaultMaven.execute(DefaultMaven.java:107)
	at org.apache.maven.cli.MavenCli.execute(MavenCli.java:993)
	at org.apache.maven.cli.MavenCli.doMain(MavenCli.java:345)
	at org.apache.maven.cli.MavenCli.main(MavenCli.java:191)
	at sun.reflect.NativeMethodAccessorImpl.invoke0(Native Method)
	at sun.reflect.NativeMethodAccessorImpl.invoke(NativeMethodAccessorImpl.java:62)
	at sun.reflect.DelegatingMethodAccessorImpl.invoke(DelegatingMethodAccessorImpl.java:43)
	at java.lang.reflect.Method.invoke(Method.java:498)
	at org.codehaus.plexus.classworlds.launcher.Launcher.launchEnhanced(Launcher.java:289)
	at org.codehaus.plexus.classworlds.launcher.Launcher.launch(Launcher.java:229)
	at org.codehaus.plexus.classworlds.launcher.Launcher.mainWithExitCode(Launcher.java:415)
	at org.codehaus.plexus.classworlds.launcher.Launcher.main(Launcher.java:356)

	[NOT_RUN] 	LOAD {expected_file_path} AS __expected_2.file
	[NOT_RUN] 	CONVERT __expected_2.file TO file(param.relativedate) AS __expected_3.file
	[NOT_RUN] 	CONVERT __expected_3.file TO xml (structured) AS __expected_4.xmlfile
	[NOT_RUN] 	CONVERT __actual_2.file TO xml (structured) AS __actual_5.xmlfile
	[NOT_RUN] 	ASSERT __expected_4.xmlfile IS similaire WITH  __actual_5.xmlfile USING {config}
    </error>
  </testcase>
</testsuite>